<?xml version="1.0" encoding="UTF-8"?>
<testng-results ignored="0" total="1" passed="1" failed="0" skipped="0">
  <reporter-output>
  </reporter-output>
  <suite started-at="2023-03-20T22:38:07 EDT" name="Surefire suite" finished-at="2023-03-20T22:38:17 EDT" duration-ms="10568">
    <groups>
    </groups>
    <test started-at="2023-03-20T22:38:07 EDT" name="Surefire test" finished-at="2023-03-20T22:38:17 EDT" duration-ms="10568">
      <class name="com.chroma.seleniumClasses.AppTest">
        <test-method signature="shouldAnswerWithTrue()" started-at="2023-03-20T22:38:07 EDT" name="shouldAnswerWithTrue" finished-at="2023-03-20T22:38:07 EDT" duration-ms="5" status="PASS">
          <reporter-output>
          </reporter-output>
        </test-method> <!-- shouldAnswerWithTrue -->
      </class> <!-- com.chroma.seleniumClasses.AppTest -->
    </test> <!-- Surefire test -->
  </suite> <!-- Surefire suite -->
</testng-results>
